MyApplication55/app/build/intermediates/manifest_merge_blame_file/debug/manifest-merger-blame-debug-report.txt
1<?xml version="1.0" encoding="utf-8"?>
2<manifest xmlns:android="http://schemas.android.com/apk/res/android"
3    package="com.example.myapplication55"
4    android:versionCode="1"
5    android:versionName="1.0" >
6
7    <uses-sdk
8        android:minSdkVersion="33"
8-->src\main\AndroidManifest.xml
9        android:targetSdkVersion="33" />
9-->src\main\AndroidManifest.xml
10
11    <uses-permission android:name="android.permission.INTERNET" />
11-->src\main\AndroidManifest.xml:6:5-67
11-->src\main\AndroidManifest.xml:6:22-64
12
13    <!-- Although the *SdkVersion is captured in gradle build files, this is required for non gradle builds -->
14    <!-- <uses-sdk android:minSdkVersion="14"/> -->
15    <uses-permission android:name="android.permission.ACCESS_NETWORK_STATE" />
15-->[com.google.firebase:firebase-database:20.1.0] AndroidManifest.xml:24:5-79
15-->[com.google.firebase:firebase-database:20.1.0] AndroidManifest.xml:24:22-76
16    <uses-permission android:name="android.permission.WAKE_LOCK" />
16-->[com.google.android.gms:play-services-measurement-api:21.2.0] AndroidManifest.xml:24:5-68
16-->[com.google.android.gms:play-services-measurement-api:21.2.0] AndroidManifest.xml:24:22-65
17    <uses-permission android:name="com.google.android.gms.permission.AD_ID" />
17-->[com.google.android.gms:play-services-measurement-api:21.2.0] AndroidManifest.xml:25:5-79
17-->[com.google.android.gms:play-services-measurement-api:21.2.0] AndroidManifest.xml:25:22-76
18    <uses-permission android:name="com.google.android.finsky.permission.BIND_GET_INSTALL_REFERRER_SERVICE" />
18-->[com.google.android.gms:play-services-measurement:21.2.0] AndroidManifest.xml:26:5-110
18-->[com.google.android.gms:play-services-measurement:21.2.0] AndroidManifest.xml:26:22-107
19
20    <application
20-->src\main\AndroidManifest.xml:8:5-95:19
21        android:allowBackup="true"
21-->src\main\AndroidManifest.xml:9:9-35
22        android:appComponentFactory="androidx.core.app.CoreComponentFactory"
22-->[androidx.core:core:1.8.0] AndroidManifest.xml:24:18-86
23        android:dataExtractionRules="@xml/data_extraction_rules"
23-->src\main\AndroidManifest.xml:10:9-65
24        android:debuggable="true"
25        android:extractNativeLibs="false"
26        android:fullBackupContent="@xml/backup_rules"
26-->src\main\AndroidManifest.xml:11:9-54
27        android:icon="@mipmap/ic_launcher"
27-->src\main\AndroidManifest.xml:12:9-43
28        android:label="@string/app_name"
28-->src\main\AndroidManifest.xml:13:9-41
29        android:roundIcon="@mipmap/ic_launcher_round"
29-->src\main\AndroidManifest.xml:14:9-54
30        android:supportsRtl="true"
30-->src\main\AndroidManifest.xml:15:9-35
31        android:testOnly="true"
32        android:theme="@style/Theme.MyApplication55" >
32-->src\main\AndroidManifest.xml:16:9-53
33        <activity
33-->src\main\AndroidManifest.xml:18:9-20:40
34            android:name="com.example.myapplication55.Confirmationpage"
34-->src\main\AndroidManifest.xml:19:13-45
35            android:exported="false" />
35-->src\main\AndroidManifest.xml:20:13-37
36        <activity
36-->src\main\AndroidManifest.xml:21:9-23:40
37            android:name="com.example.myapplication55.EditPatientProfilePage"
37-->src\main\AndroidManifest.xml:22:13-51
38            android:exported="false" />
38-->src\main\AndroidManifest.xml:23:13-37
39        <activity
39-->src\main\AndroidManifest.xml:24:9-26:40
40            android:name="com.example.myapplication55.EditTherapistProfilePage"
40-->src\main\AndroidManifest.xml:25:13-53
41            android:exported="false" />
41-->src\main\AndroidManifest.xml:26:13-37
42        <activity
42-->src\main\AndroidManifest.xml:27:9-29:40
43            android:name="com.example.myapplication55.FirebaseAuthMethods"
43-->src\main\AndroidManifest.xml:28:13-48
44            android:exported="false" />
44-->src\main\AndroidManifest.xml:29:13-37
45        <activity
45-->src\main\AndroidManifest.xml:31:9-33:40
46            android:name="com.example.myapplication55.LoginPage"
46-->src\main\AndroidManifest.xml:32:13-38
47            android:exported="false" />
47-->src\main\AndroidManifest.xml:33:13-37
48        <activity
48-->src\main\AndroidManifest.xml:34:9-36:40
49            android:name="com.example.myapplication55.MainActivity"
49-->src\main\AndroidManifest.xml:35:13-41
50            android:exported="false" />
50-->src\main\AndroidManifest.xml:36:13-37
51        <activity
51-->src\main\AndroidManifest.xml:37:9-39:39
52            android:name="com.example.myapplication55.Patient_AppointmentPage_Activity"
52-->src\main\AndroidManifest.xml:38:13-61
53            android:exported="true" />
53-->src\main\AndroidManifest.xml:39:13-36
54        <activity
54-->src\main\AndroidManifest.xml:40:9-42:40
55            android:name="com.example.myapplication55.Patient_ChatPage_Activity"
55-->src\main\AndroidManifest.xml:41:13-54
56            android:exported="false" />
56-->src\main\AndroidManifest.xml:42:13-37
57        <activity
57-->src\main\AndroidManifest.xml:43:9-45:40
58            android:name="com.example.myapplication55.Patient_HomePage_Activity"
58-->src\main\AndroidManifest.xml:44:13-54
59            android:exported="false" />
59-->src\main\AndroidManifest.xml:45:13-37
60        <activity
60-->src\main\AndroidManifest.xml:46:9-48:40
61            android:name="com.example.myapplication55.Patient_ProfilePage_Activity"
61-->src\main\AndroidManifest.xml:47:13-57
62            android:exported="false" />
62-->src\main\AndroidManifest.xml:48:13-37
63        <activity
63-->src\main\AndroidManifest.xml:49:9-51:40
64            android:name="com.example.myapplication55.Patient_TherapistPage_Activity"
64-->src\main\AndroidManifest.xml:50:13-59
65            android:exported="false" />
65-->src\main\AndroidManifest.xml:51:13-37
66        <activity
66-->src\main\AndroidManifest.xml:52:9-54:40
67            android:name="com.example.myapplication55.PatientSignup"
67-->src\main\AndroidManifest.xml:53:13-42
68            android:exported="false" />
68-->src\main\AndroidManifest.xml:54:13-37
69        <activity
69-->src\main\AndroidManifest.xml:55:9-57:39
70            android:name="com.example.myapplication55.ReservationInformationEditPage"
70-->src\main\AndroidManifest.xml:56:13-59
71            android:exported="true" />
71-->src\main\AndroidManifest.xml:57:13-36
72        <activity
72-->src\main\AndroidManifest.xml:58:9-60:40
73            android:name="com.example.myapplication55.Signupchoice"
73-->src\main\AndroidManifest.xml:59:13-41
74            android:exported="false" />
74-->src\main\AndroidManifest.xml:60:13-37
75        <activity
75-->src\main\AndroidManifest.xml:61:9-63:40
76            android:name="com.example.myapplication55.Therapist_AppointmentPage_Activity"
76-->src\main\AndroidManifest.xml:62:13-63
77            android:exported="false" />
77-->src\main\AndroidManifest.xml:63:13-37
78        <activity
78-->src\main\AndroidManifest.xml:64:9-66:40
79            android:name="com.example.myapplication55.Therapist_PatientPage_Activity"
79-->src\main\AndroidManifest.xml:65:13-59
80            android:exported="false" />
80-->src\main\AndroidManifest.xml:66:13-37
81        <activity
81-->src\main\AndroidManifest.xml:67:9-69:40
82            android:name="com.example.myapplication55.Therapist_ChatPage_Activity"
82-->src\main\AndroidManifest.xml:68:13-56
83            android:exported="false" />
83-->src\main\AndroidManifest.xml:69:13-37
84        <activity
84-->src\main\AndroidManifest.xml:70:9-72:40
85            android:name="com.example.myapplication55.Therapist_HomePage_Activity"
85-->src\main\AndroidManifest.xml:71:13-56
86            android:exported="false" />
86-->src\main\AndroidManifest.xml:72:13-37
87        <activity
87-->src\main\AndroidManifest.xml:73:9-75:40
88            android:name="com.example.myapplication55.Therapist_ProfilePage_Activity"
88-->src\main\AndroidManifest.xml:74:13-59
89            android:exported="false" />
89-->src\main\AndroidManifest.xml:75:13-37
90        <activity
90-->src\main\AndroidManifest.xml:76:9-78:40
91            android:name="com.example.myapplication55.Patient_View_TherapistInfo_Activity"
91-->src\main\AndroidManifest.xml:77:13-64
92            android:exported="false" />
92-->src\main\AndroidManifest.xml:78:13-37
93        <activity
93-->src\main\AndroidManifest.xml:79:9-81:40
94            android:name="com.example.myapplication55.TherapistSignup"
94-->src\main\AndroidManifest.xml:80:13-44
95            android:exported="false" />
95-->src\main\AndroidManifest.xml:81:13-37
96        <activity
96-->src\main\AndroidManifest.xml:82:9-84:40
97            android:name="com.example.myapplication55.welcome"
97-->src\main\AndroidManifest.xml:83:13-36
98            android:exported="false" />
98-->src\main\AndroidManifest.xml:84:13-37
99        <activity
99-->src\main\AndroidManifest.xml:85:9-93:20
100            android:name="com.example.myapplication55.IntroductoryActivity"
100-->src\main\AndroidManifest.xml:86:13-49
101            android:exported="true" >
101-->src\main\AndroidManifest.xml:87:13-36
102            <intent-filter>
102-->src\main\AndroidManifest.xml:88:13-92:29
103                <action android:name="android.intent.action.MAIN" />
103-->src\main\AndroidManifest.xml:89:17-69
103-->src\main\AndroidManifest.xml:89:25-66
104
105                <category android:name="android.intent.category.LAUNCHER" />
105-->src\main\AndroidManifest.xml:91:17-77
105-->src\main\AndroidManifest.xml:91:27-74
106            </intent-filter>
107        </activity>
108
109        <service
109-->[com.google.firebase:firebase-database:20.1.0] AndroidManifest.xml:28:9-34:19
110            android:name="com.google.firebase.components.ComponentDiscoveryService"
110-->[com.google.firebase:firebase-database:20.1.0] AndroidManifest.xml:29:13-84
111            android:directBootAware="true"
111-->[com.google.firebase:firebase-common:20.2.0] AndroidManifest.xml:34:13-43
112            android:exported="false" >
112-->[com.google.firebase:firebase-database:20.1.0] AndroidManifest.xml:30:13-37
113            <meta-data
113-->[com.google.firebase:firebase-database:20.1.0] AndroidManifest.xml:31:13-33:85
114                android:name="com.google.firebase.components:com.google.firebase.database.DatabaseRegistrar"
114-->[com.google.firebase:firebase-database:20.1.0] AndroidManifest.xml:32:17-109
115                android:value="com.google.firebase.components.ComponentRegistrar" />
115-->[com.google.firebase:firebase-database:20.1.0] AndroidManifest.xml:33:17-82
116            <meta-data
116-->[com.google.firebase:firebase-storage:20.1.0] AndroidManifest.xml:32:13-34:85
117                android:name="com.google.firebase.components:com.google.firebase.storage.StorageRegistrar"
117-->[com.google.firebase:firebase-storage:20.1.0] AndroidManifest.xml:33:17-107
118                android:value="com.google.firebase.components.ComponentRegistrar" />
118-->[com.google.firebase:firebase-storage:20.1.0] AndroidManifest.xml:34:17-82
119            <meta-data
119-->[com.google.firebase:firebase-auth:21.1.0] AndroidManifest.xml:67:13-69:85
120                android:name="com.google.firebase.components:com.google.firebase.auth.FirebaseAuthRegistrar"
120-->[com.google.firebase:firebase-auth:21.1.0] AndroidManifest.xml:68:17-109
121                android:value="com.google.firebase.components.ComponentRegistrar" />
121-->[com.google.firebase:firebase-auth:21.1.0] AndroidManifest.xml:69:17-82
122            <meta-data
122-->[com.google.android.gms:play-services-measurement-api:21.2.0] AndroidManifest.xml:31:13-33:85
123                android:name="com.google.firebase.components:com.google.firebase.analytics.connector.internal.AnalyticsConnectorRegistrar"
123-->[com.google.android.gms:play-services-measurement-api:21.2.0] AndroidManifest.xml:32:17-139
124                android:value="com.google.firebase.components.ComponentRegistrar" />
124-->[com.google.android.gms:play-services-measurement-api:21.2.0] AndroidManifest.xml:33:17-82
125            <meta-data
125-->[com.google.firebase:firebase-installations:17.1.0] AndroidManifest.xml:17:13-19:85
126                android:name="com.google.firebase.components:com.google.firebase.installations.FirebaseInstallationsRegistrar"
126-->[com.google.firebase:firebase-installations:17.1.0] AndroidManifest.xml:18:17-127
127                android:value="com.google.firebase.components.ComponentRegistrar" />
127-->[com.google.firebase:firebase-installations:17.1.0] AndroidManifest.xml:19:17-82
128        </service>
129
130        <activity
130-->[com.google.firebase:firebase-auth:21.1.0] AndroidManifest.xml:27:9-44:20
131            android:name="com.google.firebase.auth.internal.GenericIdpActivity"
131-->[com.google.firebase:firebase-auth:21.1.0] AndroidManifest.xml:28:13-80
132            android:excludeFromRecents="true"
132-->[com.google.firebase:firebase-auth:21.1.0] AndroidManifest.xml:29:13-46
133            android:exported="true"
133-->[com.google.firebase:firebase-auth:21.1.0] AndroidManifest.xml:30:13-36
134            android:launchMode="singleTask"
134-->[com.google.firebase:firebase-auth:21.1.0] AndroidManifest.xml:31:13-44
135            android:theme="@android:style/Theme.Translucent.NoTitleBar" >
135-->[com.google.firebase:firebase-auth:21.1.0] AndroidManifest.xml:32:13-72
136            <intent-filter>
136-->[com.google.firebase:firebase-auth:21.1.0] AndroidManifest.xml:33:13-43:29
137                <action android:name="android.intent.action.VIEW" />
137-->[com.google.firebase:firebase-auth:21.1.0] AndroidManifest.xml:34:17-69
137-->[com.google.firebase:firebase-auth:21.1.0] AndroidManifest.xml:34:25-66
138
139                <category android:name="android.intent.category.DEFAULT" />
139-->[com.google.firebase:firebase-auth:21.1.0] AndroidManifest.xml:36:17-76
139-->[com.google.firebase:firebase-auth:21.1.0] AndroidManifest.xml:36:27-73
140                <category android:name="android.intent.category.BROWSABLE" />
140-->[com.google.firebase:firebase-auth:21.1.0] AndroidManifest.xml:37:17-78
140-->[com.google.firebase:firebase-auth:21.1.0] AndroidManifest.xml:37:27-75
141
142                <data
142-->[com.google.firebase:firebase-auth:21.1.0] AndroidManifest.xml:39:17-42:51
143                    android:host="firebase.auth"
143-->[com.google.firebase:firebase-auth:21.1.0] AndroidManifest.xml:40:21-49
144                    android:path="/"
144-->[com.google.firebase:firebase-auth:21.1.0] AndroidManifest.xml:41:21-37
145                    android:scheme="genericidp" />
145-->[com.google.firebase:firebase-auth:21.1.0] AndroidManifest.xml:42:21-48
146            </intent-filter>
147        </activity>
148        <activity
148-->[com.google.firebase:firebase-auth:21.1.0] AndroidManifest.xml:45:9-62:20
149            android:name="com.google.firebase.auth.internal.RecaptchaActivity"
149-->[com.google.firebase:firebase-auth:21.1.0] AndroidManifest.xml:46:13-79
150            android:excludeFromRecents="true"
150-->[com.google.firebase:firebase-auth:21.1.0] AndroidManifest.xml:47:13-46
151            android:exported="true"
151-->[com.google.firebase:firebase-auth:21.1.0] AndroidManifest.xml:48:13-36
152            android:launchMode="singleTask"
152-->[com.google.firebase:firebase-auth:21.1.0] AndroidManifest.xml:49:13-44
153            android:theme="@android:style/Theme.Translucent.NoTitleBar" >
153-->[com.google.firebase:firebase-auth:21.1.0] AndroidManifest.xml:50:13-72
154            <intent-filter>
154-->[com.google.firebase:firebase-auth:21.1.0] AndroidManifest.xml:51:13-61:29
155                <action android:name="android.intent.action.VIEW" />
155-->[com.google.firebase:firebase-auth:21.1.0] AndroidManifest.xml:34:17-69
155-->[com.google.firebase:firebase-auth:21.1.0] AndroidManifest.xml:34:25-66
156
157                <category android:name="android.intent.category.DEFAULT" />
157-->[com.google.firebase:firebase-auth:21.1.0] AndroidManifest.xml:36:17-76
157-->[com.google.firebase:firebase-auth:21.1.0] AndroidManifest.xml:36:27-73
158                <category android:name="android.intent.category.BROWSABLE" />
158-->[com.google.firebase:firebase-auth:21.1.0] AndroidManifest.xml:37:17-78
158-->[com.google.firebase:firebase-auth:21.1.0] AndroidManifest.xml:37:27-75
159
160                <data
160-->[com.google.firebase:firebase-auth:21.1.0] AndroidManifest.xml:39:17-42:51
161                    android:host="firebase.auth"
161-->[com.google.firebase:firebase-auth:21.1.0] AndroidManifest.xml:40:21-49
162                    android:path="/"
162-->[com.google.firebase:firebase-auth:21.1.0] AndroidManifest.xml:41:21-37
163                    android:scheme="recaptcha" />
163-->[com.google.firebase:firebase-auth:21.1.0] AndroidManifest.xml:42:21-48
164            </intent-filter>
165        </activity>
166
167        <provider
167-->[com.google.firebase:firebase-common:20.2.0] AndroidManifest.xml:25:9-30:39
168            android:name="com.google.firebase.provider.FirebaseInitProvider"
168-->[com.google.firebase:firebase-common:20.2.0] AndroidManifest.xml:26:13-77
169            android:authorities="com.example.myapplication55.firebaseinitprovider"
169-->[com.google.firebase:firebase-common:20.2.0] AndroidManifest.xml:27:13-72
170            android:directBootAware="true"
170-->[com.google.firebase:firebase-common:20.2.0] AndroidManifest.xml:28:13-43
171            android:exported="false"
171-->[com.google.firebase:firebase-common:20.2.0] AndroidManifest.xml:29:13-37
172            android:initOrder="100" />
172-->[com.google.firebase:firebase-common:20.2.0] AndroidManifest.xml:30:13-36
173
174        <activity
174-->[com.google.android.gms:play-services-base:18.0.1] AndroidManifest.xml:20:9-22:45
175            android:name="com.google.android.gms.common.api.GoogleApiActivity"
175-->[com.google.android.gms:play-services-base:18.0.1] AndroidManifest.xml:20:19-85
176            android:exported="false"
176-->[com.google.android.gms:play-services-base:18.0.1] AndroidManifest.xml:22:19-43
177            android:theme="@android:style/Theme.Translucent.NoTitleBar" />
177-->[com.google.android.gms:play-services-base:18.0.1] AndroidManifest.xml:21:19-78
178
179        <receiver
179-->[com.google.android.gms:play-services-measurement:21.2.0] AndroidManifest.xml:29:9-33:20
180            android:name="com.google.android.gms.measurement.AppMeasurementReceiver"
180-->[com.google.android.gms:play-services-measurement:21.2.0] AndroidManifest.xml:30:13-85
181            android:enabled="true"
181-->[com.google.android.gms:play-services-measurement:21.2.0] AndroidManifest.xml:31:13-35
182            android:exported="false" >
182-->[com.google.android.gms:play-services-measurement:21.2.0] AndroidManifest.xml:32:13-37
183        </receiver>
184
185        <service
185-->[com.google.android.gms:play-services-measurement:21.2.0] AndroidManifest.xml:35:9-38:40
186            android:name="com.google.android.gms.measurement.AppMeasurementService"
186-->[com.google.android.gms:play-services-measurement:21.2.0] AndroidManifest.xml:36:13-84
187            android:enabled="true"
187-->[com.google.android.gms:play-services-measurement:21.2.0] AndroidManifest.xml:37:13-35
188            android:exported="false" />
188-->[com.google.android.gms:play-services-measurement:21.2.0] AndroidManifest.xml:38:13-37
189        <service
189-->[com.google.android.gms:play-services-measurement:21.2.0] AndroidManifest.xml:39:9-43:72
190            android:name="com.google.android.gms.measurement.AppMeasurementJobService"
190-->[com.google.android.gms:play-services-measurement:21.2.0] AndroidManifest.xml:40:13-87
191            android:enabled="true"
191-->[com.google.android.gms:play-services-measurement:21.2.0] AndroidManifest.xml:41:13-35
192            android:exported="false"
192-->[com.google.android.gms:play-services-measurement:21.2.0] AndroidManifest.xml:42:13-37
193            android:permission="android.permission.BIND_JOB_SERVICE" />
193-->[com.google.android.gms:play-services-measurement:21.2.0] AndroidManifest.xml:43:13-69
194
195        <meta-data
195-->[com.google.android.gms:play-services-basement:18.1.0] AndroidManifest.xml:21:9-23:69
196            android:name="com.google.android.gms.version"
196-->[com.google.android.gms:play-services-basement:18.1.0] AndroidManifest.xml:22:13-58
197            android:value="@integer/google_play_services_version" />
197-->[com.google.android.gms:play-services-basement:18.1.0] AndroidManifest.xml:23:13-66
198
199        <provider
199-->[androidx.emoji2:emoji2:1.2.0] AndroidManifest.xml:24:9-32:20
200            android:name="androidx.startup.InitializationProvider"
200-->[androidx.emoji2:emoji2:1.2.0] AndroidManifest.xml:25:13-67
201            android:authorities="com.example.myapplication55.androidx-startup"
201-->[androidx.emoji2:emoji2:1.2.0] AndroidManifest.xml:26:13-68
202            android:exported="false" >
202-->[androidx.emoji2:emoji2:1.2.0] AndroidManifest.xml:27:13-37
203            <meta-data
203-->[androidx.emoji2:emoji2:1.2.0] AndroidManifest.xml:29:13-31:52
204                android:name="androidx.emoji2.text.EmojiCompatInitializer"
204-->[androidx.emoji2:emoji2:1.2.0] AndroidManifest.xml:30:17-75
205                android:value="androidx.startup" />
205-->[androidx.emoji2:emoji2:1.2.0] AndroidManifest.xml:31:17-49
206            <meta-data
206-->[androidx.lifecycle:lifecycle-process:2.4.1] AndroidManifest.xml:31:13-33:52
207                android:name="androidx.lifecycle.ProcessLifecycleInitializer"
207-->[androidx.lifecycle:lifecycle-process:2.4.1] AndroidManifest.xml:32:17-78
208                android:value="androidx.startup" />
208-->[androidx.lifecycle:lifecycle-process:2.4.1] AndroidManifest.xml:33:17-49
209        </provider>
210    </application>
211
212</manifest>